0 info it worked if it ends with ok
1 verbose cli [ '/usr/local/bin/node', '/usr/local/bin/npm', 'install' ]
2 info using npm@2.11.3
3 info using node@v0.12.7
4 verbose readDependencies loading dependencies from /Users/Tiklum/Documents/Ioto/ioto/todo/package.json
5 warn package.json todo@1.0.0 No repository field.
6 warn package.json todo@1.0.0 No README data
7 verbose install where, deps [ '/Users/Tiklum/Documents/Ioto/ioto/todo',
7 verbose install   [ 'gulp',
7 verbose install     'gulp-sass',
7 verbose install     'gulp-concat',
7 verbose install     'gulp-minify-css',
7 verbose install     'gulp-rename',
7 verbose install     'bower',
7 verbose install     'gulp-util',
7 verbose install     'shelljs' ] ]
8 verbose install where, peers [ '/Users/Tiklum/Documents/Ioto/ioto/todo', [] ]
9 verbose installManyTop reading for lifecycle /Users/Tiklum/Documents/Ioto/ioto/todo/package.json
10 info preinstall todo@1.0.0
11 verbose readDependencies loading dependencies from /Users/Tiklum/Documents/Ioto/ioto/todo/package.json
12 silly cache add args [ 'gulp-sass@^1.3.3', null ]
13 verbose cache add spec gulp-sass@^1.3.3
14 silly cache add parsed spec { raw: 'gulp-sass@^1.3.3',
14 silly cache add   scope: null,
14 silly cache add   name: 'gulp-sass',
14 silly cache add   rawSpec: '^1.3.3',
14 silly cache add   spec: '>=1.3.3 <2.0.0',
14 silly cache add   type: 'range' }
15 silly addNamed gulp-sass@>=1.3.3 <2.0.0
16 verbose addNamed ">=1.3.3 <2.0.0" is a valid semver range for gulp-sass
17 silly addNameRange { name: 'gulp-sass', range: '>=1.3.3 <2.0.0', hasData: false }
18 silly mapToRegistry name gulp-sass
19 silly mapToRegistry using default registry
20 silly mapToRegistry registry https://registry.npmjs.org/
21 silly mapToRegistry uri https://registry.npmjs.org/gulp-sass
22 verbose addNameRange registry:https://registry.npmjs.org/gulp-sass not in flight; fetching
23 silly cache add args [ 'gulp-concat@^2.2.0', null ]
24 verbose cache add spec gulp-concat@^2.2.0
25 silly cache add parsed spec { raw: 'gulp-concat@^2.2.0',
25 silly cache add   scope: null,
25 silly cache add   name: 'gulp-concat',
25 silly cache add   rawSpec: '^2.2.0',
25 silly cache add   spec: '>=2.2.0 <3.0.0',
25 silly cache add   type: 'range' }
26 silly addNamed gulp-concat@>=2.2.0 <3.0.0
27 verbose addNamed ">=2.2.0 <3.0.0" is a valid semver range for gulp-concat
28 silly addNameRange { name: 'gulp-concat', range: '>=2.2.0 <3.0.0', hasData: false }
29 silly mapToRegistry name gulp-concat
30 silly mapToRegistry using default registry
31 silly mapToRegistry registry https://registry.npmjs.org/
32 silly mapToRegistry uri https://registry.npmjs.org/gulp-concat
33 verbose addNameRange registry:https://registry.npmjs.org/gulp-concat not in flight; fetching
34 silly cache add args [ 'gulp-minify-css@^0.3.0', null ]
35 verbose cache add spec gulp-minify-css@^0.3.0
36 silly cache add parsed spec { raw: 'gulp-minify-css@^0.3.0',
36 silly cache add   scope: null,
36 silly cache add   name: 'gulp-minify-css',
36 silly cache add   rawSpec: '^0.3.0',
36 silly cache add   spec: '>=0.3.0 <0.4.0',
36 silly cache add   type: 'range' }
37 silly addNamed gulp-minify-css@>=0.3.0 <0.4.0
38 verbose addNamed ">=0.3.0 <0.4.0" is a valid semver range for gulp-minify-css
39 silly addNameRange { name: 'gulp-minify-css',
39 silly addNameRange   range: '>=0.3.0 <0.4.0',
39 silly addNameRange   hasData: false }
40 silly mapToRegistry name gulp-minify-css
41 silly mapToRegistry using default registry
42 silly mapToRegistry registry https://registry.npmjs.org/
43 silly mapToRegistry uri https://registry.npmjs.org/gulp-minify-css
44 verbose addNameRange registry:https://registry.npmjs.org/gulp-minify-css not in flight; fetching
45 silly cache add args [ 'gulp-rename@^1.2.0', null ]
46 verbose cache add spec gulp-rename@^1.2.0
47 silly cache add parsed spec { raw: 'gulp-rename@^1.2.0',
47 silly cache add   scope: null,
47 silly cache add   name: 'gulp-rename',
47 silly cache add   rawSpec: '^1.2.0',
47 silly cache add   spec: '>=1.2.0 <2.0.0',
47 silly cache add   type: 'range' }
48 silly addNamed gulp-rename@>=1.2.0 <2.0.0
49 verbose addNamed ">=1.2.0 <2.0.0" is a valid semver range for gulp-rename
50 silly addNameRange { name: 'gulp-rename', range: '>=1.2.0 <2.0.0', hasData: false }
51 silly mapToRegistry name gulp-rename
52 silly mapToRegistry using default registry
53 silly mapToRegistry registry https://registry.npmjs.org/
54 silly mapToRegistry uri https://registry.npmjs.org/gulp-rename
55 verbose addNameRange registry:https://registry.npmjs.org/gulp-rename not in flight; fetching
56 silly cache add args [ 'bower@^1.3.3', null ]
57 verbose cache add spec bower@^1.3.3
58 silly cache add parsed spec { raw: 'bower@^1.3.3',
58 silly cache add   scope: null,
58 silly cache add   name: 'bower',
58 silly cache add   rawSpec: '^1.3.3',
58 silly cache add   spec: '>=1.3.3 <2.0.0',
58 silly cache add   type: 'range' }
59 silly addNamed bower@>=1.3.3 <2.0.0
60 verbose addNamed ">=1.3.3 <2.0.0" is a valid semver range for bower
61 silly addNameRange { name: 'bower', range: '>=1.3.3 <2.0.0', hasData: false }
62 silly mapToRegistry name bower
63 silly mapToRegistry using default registry
64 silly mapToRegistry registry https://registry.npmjs.org/
65 silly mapToRegistry uri https://registry.npmjs.org/bower
66 verbose addNameRange registry:https://registry.npmjs.org/bower not in flight; fetching
67 silly cache add args [ 'gulp-util@^2.2.14', null ]
68 verbose cache add spec gulp-util@^2.2.14
69 silly cache add parsed spec { raw: 'gulp-util@^2.2.14',
69 silly cache add   scope: null,
69 silly cache add   name: 'gulp-util',
69 silly cache add   rawSpec: '^2.2.14',
69 silly cache add   spec: '>=2.2.14 <3.0.0',
69 silly cache add   type: 'range' }
70 silly addNamed gulp-util@>=2.2.14 <3.0.0
71 verbose addNamed ">=2.2.14 <3.0.0" is a valid semver range for gulp-util
72 silly addNameRange { name: 'gulp-util', range: '>=2.2.14 <3.0.0', hasData: false }
73 silly mapToRegistry name gulp-util
74 silly mapToRegistry using default registry
75 silly mapToRegistry registry https://registry.npmjs.org/
76 silly mapToRegistry uri https://registry.npmjs.org/gulp-util
77 verbose addNameRange registry:https://registry.npmjs.org/gulp-util not in flight; fetching
78 silly cache add args [ 'shelljs@^0.3.0', null ]
79 verbose cache add spec shelljs@^0.3.0
80 silly cache add parsed spec { raw: 'shelljs@^0.3.0',
80 silly cache add   scope: null,
80 silly cache add   name: 'shelljs',
80 silly cache add   rawSpec: '^0.3.0',
80 silly cache add   spec: '>=0.3.0 <0.4.0',
80 silly cache add   type: 'range' }
81 silly addNamed shelljs@>=0.3.0 <0.4.0
82 verbose addNamed ">=0.3.0 <0.4.0" is a valid semver range for shelljs
83 silly addNameRange { name: 'shelljs', range: '>=0.3.0 <0.4.0', hasData: false }
84 silly mapToRegistry name shelljs
85 silly mapToRegistry using default registry
86 silly mapToRegistry registry https://registry.npmjs.org/
87 silly mapToRegistry uri https://registry.npmjs.org/shelljs
88 verbose addNameRange registry:https://registry.npmjs.org/shelljs not in flight; fetching
89 silly cache add args [ 'gulp@^3.5.6', null ]
90 verbose cache add spec gulp@^3.5.6
91 silly cache add parsed spec { raw: 'gulp@^3.5.6',
91 silly cache add   scope: null,
91 silly cache add   name: 'gulp',
91 silly cache add   rawSpec: '^3.5.6',
91 silly cache add   spec: '>=3.5.6 <4.0.0',
91 silly cache add   type: 'range' }
92 silly addNamed gulp@>=3.5.6 <4.0.0
93 verbose addNamed ">=3.5.6 <4.0.0" is a valid semver range for gulp
94 silly addNameRange { name: 'gulp', range: '>=3.5.6 <4.0.0', hasData: false }
95 silly mapToRegistry name gulp
96 silly mapToRegistry using default registry
97 silly mapToRegistry registry https://registry.npmjs.org/
98 silly mapToRegistry uri https://registry.npmjs.org/gulp
99 verbose addNameRange registry:https://registry.npmjs.org/gulp not in flight; fetching
100 verbose request uri https://registry.npmjs.org/gulp-sass
101 verbose request no auth needed
102 info attempt registry request try #1 at 1:11:11 PM
103 verbose request id 8381f0627c186415
104 http request GET https://registry.npmjs.org/gulp-sass
105 verbose request uri https://registry.npmjs.org/gulp-concat
106 verbose request no auth needed
107 info attempt registry request try #1 at 1:11:11 PM
108 http request GET https://registry.npmjs.org/gulp-concat
109 verbose request uri https://registry.npmjs.org/gulp-minify-css
110 verbose request no auth needed
111 info attempt registry request try #1 at 1:11:11 PM
112 http request GET https://registry.npmjs.org/gulp-minify-css
113 verbose request uri https://registry.npmjs.org/gulp-rename
114 verbose request no auth needed
115 info attempt registry request try #1 at 1:11:11 PM
116 http request GET https://registry.npmjs.org/gulp-rename
117 verbose request uri https://registry.npmjs.org/bower
118 verbose request no auth needed
119 info attempt registry request try #1 at 1:11:11 PM
120 http request GET https://registry.npmjs.org/bower
121 verbose request uri https://registry.npmjs.org/shelljs
122 verbose request no auth needed
123 info attempt registry request try #1 at 1:11:11 PM
124 http request GET https://registry.npmjs.org/shelljs
125 verbose request uri https://registry.npmjs.org/gulp-util
126 verbose request no auth needed
127 info attempt registry request try #1 at 1:11:11 PM
128 verbose etag "BVXNWBNNV9ROBJUYBH815TGS5"
129 http request GET https://registry.npmjs.org/gulp-util
130 verbose request uri https://registry.npmjs.org/gulp
131 verbose request no auth needed
132 info attempt registry request try #1 at 1:11:11 PM
133 verbose etag "QEO5NZWA8CFJALFNHFW47XNV"
134 http request GET https://registry.npmjs.org/gulp
135 http 304 https://registry.npmjs.org/gulp
136 silly get cb [ 304,
136 silly get   { date: 'Sat, 22 Aug 2015 20:11:12 GMT',
136 silly get     via: '1.1 varnish',
136 silly get     'cache-control': 'max-age=60',
136 silly get     etag: '"QEO5NZWA8CFJALFNHFW47XNV"',
136 silly get     age: '59',
136 silly get     connection: 'keep-alive',
136 silly get     'x-served-by': 'cache-atl6225-ATL',
136 silly get     'x-cache': 'HIT',
136 silly get     'x-cache-hits': '1',
136 silly get     'x-timer': 'S1440274272.960570,VS0,VE3',
136 silly get     vary: 'Accept' } ]
137 verbose etag https://registry.npmjs.org/gulp from cache
138 verbose get saving gulp to /Users/Tiklum/.npm/registry.npmjs.org/gulp/.cache.json
139 http 304 https://registry.npmjs.org/gulp-util
140 silly get cb [ 304,
140 silly get   { date: 'Sat, 22 Aug 2015 20:11:12 GMT',
140 silly get     via: '1.1 varnish',
140 silly get     'cache-control': 'max-age=60',
140 silly get     etag: '"BVXNWBNNV9ROBJUYBH815TGS5"',
140 silly get     age: '0',
140 silly get     connection: 'keep-alive',
140 silly get     'x-served-by': 'cache-atl6230-ATL',
140 silly get     'x-cache': 'HIT',
140 silly get     'x-cache-hits': '1',
140 silly get     'x-timer': 'S1440274272.964175,VS0,VE2',
140 silly get     vary: 'Accept' } ]
141 verbose etag https://registry.npmjs.org/gulp-util from cache
142 verbose get saving gulp-util to /Users/Tiklum/.npm/registry.npmjs.org/gulp-util/.cache.json
143 silly addNameRange number 2 { name: 'gulp-util', range: '>=2.2.14 <3.0.0', hasData: true }
144 silly addNameRange versions [ 'gulp-util',
144 silly addNameRange   [ '0.0.1',
144 silly addNameRange     '1.0.0',
144 silly addNameRange     '1.1.0',
144 silly addNameRange     '1.1.1',
144 silly addNameRange     '1.2.0',
144 silly addNameRange     '1.3.0',
144 silly addNameRange     '2.0.0',
144 silly addNameRange     '2.1.1',
144 silly addNameRange     '2.1.2',
144 silly addNameRange     '2.1.3',
144 silly addNameRange     '2.1.4',
144 silly addNameRange     '2.2.0',
144 silly addNameRange     '2.2.1',
144 silly addNameRange     '2.2.2',
144 silly addNameRange     '2.2.3',
144 silly addNameRange     '2.2.5',
144 silly addNameRange     '2.2.6',
144 silly addNameRange     '2.2.7',
144 silly addNameRange     '2.2.8',
144 silly addNameRange     '2.2.9',
144 silly addNameRange     '2.2.10',
144 silly addNameRange     '2.2.11',
144 silly addNameRange     '2.2.12',
144 silly addNameRange     '2.2.13',
144 silly addNameRange     '2.2.14',
144 silly addNameRange     '2.2.15',
144 silly addNameRange     '2.2.16',
144 silly addNameRange     '2.2.17',
144 silly addNameRange     '2.2.18',
144 silly addNameRange     '2.2.19',
144 silly addNameRange     '2.2.20',
144 silly addNameRange     '3.0.0',
144 silly addNameRange     '3.0.1',
144 silly addNameRange     '3.0.2',
144 silly addNameRange     '3.0.3',
144 silly addNameRange     '3.0.4',
144 silly addNameRange     '3.0.5',
144 silly addNameRange     '3.0.6' ] ]
145 silly addNamed gulp-util@2.2.20
146 verbose addNamed "2.2.20" is a plain semver version for gulp-util
147 silly addNameRange number 2 { name: 'gulp', range: '>=3.5.6 <4.0.0', hasData: true }
148 silly addNameRange versions [ 'gulp',
148 silly addNameRange   [ '0.0.1',
148 silly addNameRange     '0.0.2',
148 silly addNameRange     '0.0.3',
148 silly addNameRange     '0.0.4',
148 silly addNameRange     '0.0.5',
148 silly addNameRange     '0.0.7',
148 silly addNameRange     '0.0.8',
148 silly addNameRange     '0.0.9',
148 silly addNameRange     '0.1.0',
148 silly addNameRange     '0.2.0',
148 silly addNameRange     '1.0.0',
148 silly addNameRange     '1.1.0',
148 silly addNameRange     '1.2.0',
148 silly addNameRange     '1.2.1',
148 silly addNameRange     '2.0.0',
148 silly addNameRange     '2.0.1',
148 silly addNameRange     '2.1.0',
148 silly addNameRange     '2.2.0',
148 silly addNameRange     '2.3.0',
148 silly addNameRange     '2.4.0',
148 silly addNameRange     '2.4.1',
148 silly addNameRange     '2.6.0',
148 silly addNameRange     '2.6.1',
148 silly addNameRange     '2.7.0',
148 silly addNameRange     '3.0.0',
148 silly addNameRange     '3.1.1',
148 silly addNameRange     '3.1.2',
148 silly addNameRange     '3.1.3',
148 silly addNameRange     '3.1.4',
148 silly addNameRange     '3.2.0',
148 silly addNameRange     '3.2.1',
148 silly addNameRange     '3.2.2',
148 silly addNameRange     '3.2.3',
148 silly addNameRange     '3.2.4',
148 silly addNameRange     '3.2.5',
148 silly addNameRange     '3.3.0',
148 silly addNameRange     '3.3.1',
148 silly addNameRange     '3.3.2',
148 silly addNameRange     '3.3.4',
148 silly addNameRange     '3.4.0',
148 silly addNameRange     '3.5.0',
148 silly addNameRange     '3.5.1',
148 silly addNameRange     '3.5.2',
148 silly addNameRange     '3.5.5',
148 silly addNameRange     '3.5.6',
148 silly addNameRange     '3.6.0',
148 silly addNameRange     '3.6.1',
148 silly addNameRange     '3.6.2',
148 silly addNameRange     '3.7.0',
148 silly addNameRange     '3.8.0',
148 silly addNameRange     '3.8.1',
148 silly addNameRange     '3.8.2',
148 silly addNameRange     '3.8.3',
148 silly addNameRange     '3.8.4',
148 silly addNameRange     '3.8.5',
148 silly addNameRange     '3.8.6',
148 silly addNameRange     '3.8.7',
148 silly addNameRange     '3.8.8',
148 silly addNameRange     '3.8.9',
148 silly addNameRange     '3.8.10',
148 silly addNameRange     '3.8.11',
148 silly addNameRange     '3.9.0' ] ]
149 silly addNamed gulp@3.9.0
150 verbose addNamed "3.9.0" is a plain semver version for gulp
151 silly mapToRegistry name gulp-util
152 silly mapToRegistry using default registry
153 silly mapToRegistry registry https://registry.npmjs.org/
154 silly mapToRegistry uri https://registry.npmjs.org/gulp-util
155 verbose addRemoteTarball https://registry.npmjs.org/gulp-util/-/gulp-util-2.2.20.tgz not in flight; adding
156 verbose addRemoteTarball [ 'https://registry.npmjs.org/gulp-util/-/gulp-util-2.2.20.tgz',
156 verbose addRemoteTarball   'd7146e5728910bd8f047a6b0b1e549bc22dbd64c' ]
157 silly cache afterAdd gulp@3.9.0
158 verbose afterAdd /Users/Tiklum/.npm/gulp/3.9.0/package/package.json not in flight; writing
159 info retry fetch attempt 1 at 1:11:12 PM
160 info attempt registry request try #1 at 1:11:12 PM
161 http fetch GET https://registry.npmjs.org/gulp-util/-/gulp-util-2.2.20.tgz
162 verbose afterAdd /Users/Tiklum/.npm/gulp/3.9.0/package/package.json written
163 http 200 https://registry.npmjs.org/gulp-rename
164 silly get cb [ 200,
164 silly get   { server: 'CouchDB/1.5.0 (Erlang OTP/R16B03)',
164 silly get     etag: '"DS6SXX6QS2NG4T4MAAF3K576I"',
164 silly get     'content-type': 'application/json',
164 silly get     'cache-control': 'max-age=60',
164 silly get     'content-length': '12659',
164 silly get     'accept-ranges': 'bytes',
164 silly get     date: 'Sat, 22 Aug 2015 20:11:13 GMT',
164 silly get     via: '1.1 varnish',
164 silly get     age: '0',
164 silly get     connection: 'keep-alive',
164 silly get     'x-served-by': 'cache-atl6220-ATL',
164 silly get     'x-cache': 'HIT',
164 silly get     'x-cache-hits': '1',
164 silly get     'x-timer': 'S1440274272.968388,VS0,VE119',
164 silly get     vary: 'Accept' } ]
165 verbose get saving gulp-rename to /Users/Tiklum/.npm/registry.npmjs.org/gulp-rename/.cache.json
166 silly addNameRange number 2 { name: 'gulp-rename', range: '>=1.2.0 <2.0.0', hasData: true }
167 silly addNameRange versions [ 'gulp-rename',
167 silly addNameRange   [ '0.1.0', '0.2.1', '0.2.2', '1.0.0', '1.1.0', '1.2.0', '1.2.2' ] ]
168 silly addNamed gulp-rename@1.2.2
169 verbose addNamed "1.2.2" is a plain semver version for gulp-rename
170 silly mapToRegistry name gulp-rename
171 silly mapToRegistry using default registry
172 silly mapToRegistry registry https://registry.npmjs.org/
173 silly mapToRegistry uri https://registry.npmjs.org/gulp-rename
174 verbose addRemoteTarball https://registry.npmjs.org/gulp-rename/-/gulp-rename-1.2.2.tgz not in flight; adding
175 verbose addRemoteTarball [ 'https://registry.npmjs.org/gulp-rename/-/gulp-rename-1.2.2.tgz',
175 verbose addRemoteTarball   '3ad4428763f05e2764dec1c67d868db275687817' ]
176 info retry fetch attempt 1 at 1:11:12 PM
177 info attempt registry request try #1 at 1:11:12 PM
178 http fetch GET https://registry.npmjs.org/gulp-rename/-/gulp-rename-1.2.2.tgz
179 http 200 https://registry.npmjs.org/gulp-sass
180 silly get cb [ 200,
180 silly get   { server: 'CouchDB/1.5.0 (Erlang OTP/R16B03)',
180 silly get     etag: '"3CKUSSGNDZDFTI7YKVPR5ASDZ"',
180 silly get     'content-type': 'application/json',
180 silly get     'cache-control': 'max-age=60',
180 silly get     'content-length': '39313',
180 silly get     'accept-ranges': 'bytes',
180 silly get     date: 'Sat, 22 Aug 2015 20:11:12 GMT',
180 silly get     via: '1.1 varnish',
180 silly get     age: '59',
180 silly get     connection: 'keep-alive',
180 silly get     'x-served-by': 'cache-atl6226-ATL',
180 silly get     'x-cache': 'HIT',
180 silly get     'x-cache-hits': '1',
180 silly get     'x-timer': 'S1440274272.986639,VS0,VE3',
180 silly get     vary: 'Accept' } ]
181 verbose get saving gulp-sass to /Users/Tiklum/.npm/registry.npmjs.org/gulp-sass/.cache.json
182 silly addNameRange number 2 { name: 'gulp-sass', range: '>=1.3.3 <2.0.0', hasData: true }
183 silly addNameRange versions [ 'gulp-sass',
183 silly addNameRange   [ '0.1.0',
183 silly addNameRange     '0.2.1',
183 silly addNameRange     '0.2.2',
183 silly addNameRange     '0.2.3',
183 silly addNameRange     '0.3.0',
183 silly addNameRange     '0.4.0',
183 silly addNameRange     '0.4.1',
183 silly addNameRange     '0.5.0',
183 silly addNameRange     '0.5.1',
183 silly addNameRange     '0.5.2',
183 silly addNameRange     '0.6.0',
183 silly addNameRange     '0.7.0',
183 silly addNameRange     '0.7.1',
183 silly addNameRange     '0.7.2',
183 silly addNameRange     '0.7.3',
183 silly addNameRange     '1.0.0',
183 silly addNameRange     '1.1.0',
183 silly addNameRange     '1.2.0',
183 silly addNameRange     '1.2.1',
183 silly addNameRange     '1.2.2',
183 silly addNameRange     '1.2.3',
183 silly addNameRange     '1.2.4',
183 silly addNameRange     '1.3.0',
183 silly addNameRange     '1.3.1',
183 silly addNameRange     '1.3.2',
183 silly addNameRange     '1.3.3',
183 silly addNameRange     '2.0.0-alpha.1',
183 silly addNameRange     '2.0.0',
183 silly addNameRange     '2.0.2',
183 silly addNameRange     '2.0.3',
183 silly addNameRange     '2.0.4' ] ]
184 silly addNamed gulp-sass@1.3.3
185 verbose addNamed "1.3.3" is a plain semver version for gulp-sass
186 silly mapToRegistry name gulp-sass
187 silly mapToRegistry using default registry
188 silly mapToRegistry registry https://registry.npmjs.org/
189 silly mapToRegistry uri https://registry.npmjs.org/gulp-sass
190 verbose addRemoteTarball https://registry.npmjs.org/gulp-sass/-/gulp-sass-1.3.3.tgz not in flight; adding
191 verbose addRemoteTarball [ 'https://registry.npmjs.org/gulp-sass/-/gulp-sass-1.3.3.tgz',
191 verbose addRemoteTarball   '66da87646bbfd299988c8ebbe94cefaff50e5662' ]
192 info retry fetch attempt 1 at 1:11:12 PM
193 info attempt registry request try #1 at 1:11:12 PM
194 http fetch GET https://registry.npmjs.org/gulp-sass/-/gulp-sass-1.3.3.tgz
195 http 200 https://registry.npmjs.org/bower
196 silly get cb [ 200,
196 silly get   { server: 'CouchDB/1.5.0 (Erlang OTP/R16B03)',
196 silly get     etag: '"8A5ALQMCVK4I6MDRWED3PVN3R"',
196 silly get     'content-type': 'application/json',
196 silly get     'cache-control': 'max-age=60',
196 silly get     'content-length': '113202',
196 silly get     'accept-ranges': 'bytes',
196 silly get     date: 'Sat, 22 Aug 2015 20:11:12 GMT',
196 silly get     via: '1.1 varnish',
196 silly get     age: '0',
196 silly get     connection: 'keep-alive',
196 silly get     'x-served-by': 'cache-atl6220-ATL',
196 silly get     'x-cache': 'HIT',
196 silly get     'x-cache-hits': '1',
196 silly get     'x-timer': 'S1440274272.969158,VS0,VE3',
196 silly get     vary: 'Accept' } ]
197 verbose get saving bower to /Users/Tiklum/.npm/registry.npmjs.org/bower/.cache.json
198 silly addNameRange number 2 { name: 'bower', range: '>=1.3.3 <2.0.0', hasData: true }
199 silly addNameRange versions [ 'bower',
199 silly addNameRange   [ '0.1.0',
199 silly addNameRange     '0.1.2',
199 silly addNameRange     '0.1.3',
199 silly addNameRange     '0.2.0',
199 silly addNameRange     '0.3.0',
199 silly addNameRange     '0.3.1',
199 silly addNameRange     '0.3.2',
199 silly addNameRange     '0.4.0',
199 silly addNameRange     '0.5.0',
199 silly addNameRange     '0.5.1',
199 silly addNameRange     '0.6.0',
199 silly addNameRange     '0.6.1',
199 silly addNameRange     '0.6.2',
199 silly addNameRange     '0.6.3',
199 silly addNameRange     '0.6.4',
199 silly addNameRange     '0.6.5',
199 silly addNameRange     '0.6.6',
199 silly addNameRange     '0.6.7',
199 silly addNameRange     '0.6.8',
199 silly addNameRange     '0.7.0',
199 silly addNameRange     '0.7.1',
199 silly addNameRange     '0.8.0',
199 silly addNameRange     '0.8.1',
199 silly addNameRange     '0.8.2',
199 silly addNameRange     '0.8.3',
199 silly addNameRange     '0.8.4',
199 silly addNameRange     '0.8.5',
199 silly addNameRange     '0.8.6',
199 silly addNameRange     '0.9.0',
199 silly addNameRange     '0.9.1',
199 silly addNameRange     '0.9.2',
199 silly addNameRange     '0.10.0',
199 silly addNameRange     '1.0.0',
199 silly addNameRange     '1.0.1',
199 silly addNameRange     '1.0.2',
199 silly addNameRange     '1.0.3',
199 silly addNameRange     '1.1.0',
199 silly addNameRange     '1.1.1',
199 silly addNameRange     '1.1.2',
199 silly addNameRange     '1.2.0',
199 silly addNameRange     '1.2.1',
199 silly addNameRange     '1.2.2',
199 silly addNameRange     '1.2.3',
199 silly addNameRange     '1.2.4',
199 silly addNameRange     '1.2.5',
199 silly addNameRange     '1.2.6',
199 silly addNameRange     '1.2.7',
199 silly addNameRange     '1.2.8',
199 silly addNameRange     '1.3.0',
199 silly addNameRange     '1.3.1',
199 silly addNameRange     '1.3.2',
199 silly addNameRange     '1.3.3',
199 silly addNameRange     '1.3.4',
199 silly addNameRange     '1.3.5',
199 silly addNameRange     '1.3.6',
199 silly addNameRange     '1.3.7',
199 silly addNameRange     '1.3.8',
199 silly addNameRange     '1.3.9',
199 silly addNameRange     '1.3.10',
199 silly addNameRange     '1.3.11',
199 silly addNameRange     '1.3.12',
199 silly addNameRange     '1.4.0',
199 silly addNameRange     '1.4.1' ] ]
200 silly addNamed bower@1.4.1
201 verbose addNamed "1.4.1" is a plain semver version for bower
202 silly cache afterAdd bower@1.4.1
203 verbose afterAdd /Users/Tiklum/.npm/bower/1.4.1/package/package.json not in flight; writing
204 verbose afterAdd /Users/Tiklum/.npm/bower/1.4.1/package/package.json written
205 http fetch 200 https://registry.npmjs.org/gulp-util/-/gulp-util-2.2.20.tgz
206 silly fetchAndShaCheck shasum d7146e5728910bd8f047a6b0b1e549bc22dbd64c
207 verbose addTmpTarball /var/folders/wx/xmwhycc96m528_2fc0389f940000gn/T/npm-35316-2a7857c3/registry.npmjs.org/gulp-util/-/gulp-util-2.2.20.tgz not in flight; adding
208 verbose addTmpTarball already have metadata; skipping unpack for gulp-util@2.2.20
209 http 200 https://registry.npmjs.org/gulp-minify-css
210 silly get cb [ 200,
210 silly get   { server: 'CouchDB/1.5.0 (Erlang OTP/R16B03)',
210 silly get     etag: '"9RRJQTET7DPL21IPXYZWYWWI0"',
210 silly get     'content-type': 'application/json',
210 silly get     'cache-control': 'max-age=60',
210 silly get     'content-length': '58928',
210 silly get     'accept-ranges': 'bytes',
210 silly get     date: 'Sat, 22 Aug 2015 20:11:13 GMT',
210 silly get     via: '1.1 varnish',
210 silly get     age: '0',
210 silly get     connection: 'keep-alive',
210 silly get     'x-served-by': 'cache-atl6235-ATL',
210 silly get     'x-cache': 'HIT',
210 silly get     'x-cache-hits': '1',
210 silly get     'x-timer': 'S1440274273.032841,VS0,VE110',
210 silly get     vary: 'Accept' } ]
211 verbose get saving gulp-minify-css to /Users/Tiklum/.npm/registry.npmjs.org/gulp-minify-css/.cache.json
212 http 200 https://registry.npmjs.org/shelljs
213 silly get cb [ 200,
213 silly get   { server: 'CouchDB/1.5.0 (Erlang OTP/R16B03)',
213 silly get     etag: '"1C2I0WJVQQ3E43BIWXWL49ACN"',
213 silly get     'content-type': 'application/json',
213 silly get     'cache-control': 'max-age=60',
213 silly get     'content-length': '53274',
213 silly get     'accept-ranges': 'bytes',
213 silly get     date: 'Sat, 22 Aug 2015 20:11:13 GMT',
213 silly get     via: '1.1 varnish',
213 silly get     age: '0',
213 silly get     connection: 'keep-alive',
213 silly get     'x-served-by': 'cache-atl6225-ATL',
213 silly get     'x-cache': 'HIT',
213 silly get     'x-cache-hits': '1',
213 silly get     'x-timer': 'S1440274272.953986,VS0,VE346',
213 silly get     vary: 'Accept' } ]
214 verbose get saving shelljs to /Users/Tiklum/.npm/registry.npmjs.org/shelljs/.cache.json
215 silly addNameRange number 2 { name: 'shelljs', range: '>=0.3.0 <0.4.0', hasData: true }
216 silly addNameRange versions [ 'shelljs',
216 silly addNameRange   [ '0.0.1',
216 silly addNameRange     '0.0.2',
216 silly addNameRange     '0.0.3',
216 silly addNameRange     '0.0.4',
216 silly addNameRange     '0.0.5',
216 silly addNameRange     '0.0.6',
216 silly addNameRange     '0.0.7',
216 silly addNameRange     '0.0.8',
216 silly addNameRange     '0.0.9',
216 silly addNameRange     '0.1.0',
216 silly addNameRange     '0.1.1',
216 silly addNameRange     '0.1.2',
216 silly addNameRange     '0.1.3',
216 silly addNameRange     '0.1.4',
216 silly addNameRange     '0.2.0',
216 silly addNameRange     '0.2.1',
216 silly addNameRange     '0.2.2',
216 silly addNameRange     '0.2.3',
216 silly addNameRange     '0.2.4',
216 silly addNameRange     '0.2.5',
216 silly addNameRange     '0.2.6',
216 silly addNameRange     '0.3.0',
216 silly addNameRange     '0.4.0',
216 silly addNameRange     '0.5.0',
216 silly addNameRange     '0.5.1',
216 silly addNameRange     '0.5.2',
216 silly addNameRange     '0.5.3',
216 silly addNameRange     '0.0.1-alpha1',
216 silly addNameRange     '0.0.2-pre1',
216 silly addNameRange     '0.0.4-pre1',
216 silly addNameRange     '0.0.5-pre1',
216 silly addNameRange     '0.0.5-pre2',
216 silly addNameRange     '0.0.5-pre3',
216 silly addNameRange     '0.0.5-pre4',
216 silly addNameRange     '0.0.6-pre1',
216 silly addNameRange     '0.0.6-pre2' ] ]
217 silly addNamed shelljs@0.3.0
218 verbose addNamed "0.3.0" is a plain semver version for shelljs
219 silly addNameRange number 2 { name: 'gulp-minify-css',
219 silly addNameRange   range: '>=0.3.0 <0.4.0',
219 silly addNameRange   hasData: true }
220 silly addNameRange versions [ 'gulp-minify-css',
220 silly addNameRange   [ '0.0.1',
220 silly addNameRange     '0.1.0',
220 silly addNameRange     '0.2.0',
220 silly addNameRange     '0.3.0',
220 silly addNameRange     '0.3.1',
220 silly addNameRange     '0.3.2',
220 silly addNameRange     '0.3.3',
220 silly addNameRange     '0.3.4',
220 silly addNameRange     '0.3.5',
220 silly addNameRange     '0.3.6',
220 silly addNameRange     '0.3.7',
220 silly addNameRange     '0.3.8',
220 silly addNameRange     '0.3.9',
220 silly addNameRange     '0.3.10',
220 silly addNameRange     '0.3.11',
220 silly addNameRange     '0.3.12',
220 silly addNameRange     '0.3.13',
220 silly addNameRange     '0.4.0',
220 silly addNameRange     '0.4.1',
220 silly addNameRange     '0.4.2',
220 silly addNameRange     '0.4.3',
220 silly addNameRange     '0.4.4',
220 silly addNameRange     '0.4.5',
220 silly addNameRange     '0.4.6',
220 silly addNameRange     '0.5.0',
220 silly addNameRange     '0.5.1',
220 silly addNameRange     '1.0.0',
220 silly addNameRange     '1.1.0',
220 silly addNameRange     '1.1.1',
220 silly addNameRange     '1.1.2',
220 silly addNameRange     '1.1.2-1',
220 silly addNameRange     '1.1.3',
220 silly addNameRange     '1.1.4',
220 silly addNameRange     '1.1.5',
220 silly addNameRange     '1.1.6',
220 silly addNameRange     '1.2.0' ] ]
221 silly addNamed gulp-minify-css@0.3.13
222 verbose addNamed "0.3.13" is a plain semver version for gulp-minify-css
223 silly mapToRegistry name gulp-minify-css
224 silly mapToRegistry using default registry
225 silly mapToRegistry registry https://registry.npmjs.org/
226 silly mapToRegistry uri https://registry.npmjs.org/gulp-minify-css
227 verbose addRemoteTarball https://registry.npmjs.org/gulp-minify-css/-/gulp-minify-css-0.3.13.tgz not in flight; adding
228 verbose addRemoteTarball [ 'https://registry.npmjs.org/gulp-minify-css/-/gulp-minify-css-0.3.13.tgz',
228 verbose addRemoteTarball   'ba813c665422868305383ccd185f239c1e35209b' ]
229 info retry fetch attempt 1 at 1:11:12 PM
230 info attempt registry request try #1 at 1:11:12 PM
231 http fetch GET https://registry.npmjs.org/gulp-minify-css/-/gulp-minify-css-0.3.13.tgz
232 http fetch 200 https://registry.npmjs.org/gulp-rename/-/gulp-rename-1.2.2.tgz
233 silly cache afterAdd shelljs@0.3.0
234 verbose afterAdd /Users/Tiklum/.npm/shelljs/0.3.0/package/package.json not in flight; writing
235 silly fetchAndShaCheck shasum 3ad4428763f05e2764dec1c67d868db275687817
236 verbose afterAdd /Users/Tiklum/.npm/shelljs/0.3.0/package/package.json written
237 verbose addTmpTarball /var/folders/wx/xmwhycc96m528_2fc0389f940000gn/T/npm-35316-2a7857c3/registry.npmjs.org/gulp-rename/-/gulp-rename-1.2.2.tgz not in flight; adding
238 verbose addTmpTarball already have metadata; skipping unpack for gulp-rename@1.2.2
239 silly cache afterAdd gulp-rename@1.2.2
240 verbose afterAdd /Users/Tiklum/.npm/gulp-rename/1.2.2/package/package.json not in flight; writing
241 verbose afterAdd /Users/Tiklum/.npm/gulp-rename/1.2.2/package/package.json written
242 http fetch 200 https://registry.npmjs.org/gulp-sass/-/gulp-sass-1.3.3.tgz
243 silly fetchAndShaCheck shasum 66da87646bbfd299988c8ebbe94cefaff50e5662
244 verbose addTmpTarball /var/folders/wx/xmwhycc96m528_2fc0389f940000gn/T/npm-35316-2a7857c3/registry.npmjs.org/gulp-sass/-/gulp-sass-1.3.3.tgz not in flight; adding
245 verbose addTmpTarball already have metadata; skipping unpack for gulp-sass@1.3.3
246 silly cache afterAdd gulp-sass@1.3.3
247 verbose afterAdd /Users/Tiklum/.npm/gulp-sass/1.3.3/package/package.json not in flight; writing
248 verbose afterAdd /Users/Tiklum/.npm/gulp-sass/1.3.3/package/package.json written
249 http fetch 200 https://registry.npmjs.org/gulp-minify-css/-/gulp-minify-css-0.3.13.tgz
250 silly fetchAndShaCheck shasum ba813c665422868305383ccd185f239c1e35209b
251 verbose addTmpTarball /var/folders/wx/xmwhycc96m528_2fc0389f940000gn/T/npm-35316-2a7857c3/registry.npmjs.org/gulp-minify-css/-/gulp-minify-css-0.3.13.tgz not in flight; adding
252 verbose addTmpTarball already have metadata; skipping unpack for gulp-minify-css@0.3.13
253 silly cache afterAdd gulp-minify-css@0.3.13
254 verbose afterAdd /Users/Tiklum/.npm/gulp-minify-css/0.3.13/package/package.json not in flight; writing
255 verbose afterAdd /Users/Tiklum/.npm/gulp-minify-css/0.3.13/package/package.json written
256 http 200 https://registry.npmjs.org/gulp-concat
257 silly get cb [ 200,
257 silly get   { server: 'CouchDB/1.5.0 (Erlang OTP/R16B03)',
257 silly get     etag: '"9W6W30JCSJU68507CACTJ61U0"',
257 silly get     'content-type': 'application/json',
257 silly get     'cache-control': 'max-age=60',
257 silly get     'content-length': '37142',
257 silly get     'accept-ranges': 'bytes',
257 silly get     date: 'Sat, 22 Aug 2015 20:11:13 GMT',
257 silly get     via: '1.1 varnish',
257 silly get     age: '0',
257 silly get     connection: 'keep-alive',
257 silly get     'x-served-by': 'cache-atl6235-ATL',
257 silly get     'x-cache': 'HIT',
257 silly get     'x-cache-hits': '1',
257 silly get     'x-timer': 'S1440274273.798653,VS0,VE90',
257 silly get     vary: 'Accept' } ]
258 verbose get saving gulp-concat to /Users/Tiklum/.npm/registry.npmjs.org/gulp-concat/.cache.json
259 silly addNameRange number 2 { name: 'gulp-concat', range: '>=2.2.0 <3.0.0', hasData: true }
260 silly addNameRange versions [ 'gulp-concat',
260 silly addNameRange   [ '0.0.1',
260 silly addNameRange     '1.0.0',
260 silly addNameRange     '1.1.0',
260 silly addNameRange     '2.0.0',
260 silly addNameRange     '2.1.0',
260 silly addNameRange     '2.1.1',
260 silly addNameRange     '2.1.2',
260 silly addNameRange     '2.1.3',
260 silly addNameRange     '2.1.4',
260 silly addNameRange     '2.1.5',
260 silly addNameRange     '2.1.6',
260 silly addNameRange     '2.1.7',
260 silly addNameRange     '2.2.0',
260 silly addNameRange     '2.3.0',
260 silly addNameRange     '2.3.3',
260 silly addNameRange     '2.3.4',
260 silly addNameRange     '2.3.5',
260 silly addNameRange     '2.4.0',
260 silly addNameRange     '2.4.1',
260 silly addNameRange     '2.4.2',
260 silly addNameRange     '2.4.3',
260 silly addNameRange     '2.5.0',
260 silly addNameRange     '2.5.1',
260 silly addNameRange     '2.5.2',
260 silly addNameRange     '2.6.0' ] ]
261 silly addNamed gulp-concat@2.6.0
262 verbose addNamed "2.6.0" is a plain semver version for gulp-concat
263 silly mapToRegistry name gulp-concat
264 silly mapToRegistry using default registry
265 silly mapToRegistry registry https://registry.npmjs.org/
266 silly mapToRegistry uri https://registry.npmjs.org/gulp-concat
267 verbose addRemoteTarball https://registry.npmjs.org/gulp-concat/-/gulp-concat-2.6.0.tgz not in flight; adding
268 verbose addRemoteTarball [ 'https://registry.npmjs.org/gulp-concat/-/gulp-concat-2.6.0.tgz',
268 verbose addRemoteTarball   '585cfb115411f348773131140566b6a81c69cb91' ]
269 info retry fetch attempt 1 at 1:11:14 PM
270 info attempt registry request try #1 at 1:11:14 PM
271 http fetch GET https://registry.npmjs.org/gulp-concat/-/gulp-concat-2.6.0.tgz
272 http fetch 200 https://registry.npmjs.org/gulp-concat/-/gulp-concat-2.6.0.tgz
273 silly fetchAndShaCheck shasum 585cfb115411f348773131140566b6a81c69cb91
274 verbose addTmpTarball /var/folders/wx/xmwhycc96m528_2fc0389f940000gn/T/npm-35316-2a7857c3/registry.npmjs.org/gulp-concat/-/gulp-concat-2.6.0.tgz not in flight; adding
275 verbose addTmpTarball already have metadata; skipping unpack for gulp-concat@2.6.0
276 silly cache afterAdd gulp-concat@2.6.0
277 verbose afterAdd /Users/Tiklum/.npm/gulp-concat/2.6.0/package/package.json not in flight; writing
278 verbose afterAdd /Users/Tiklum/.npm/gulp-concat/2.6.0/package/package.json written
279 verbose stack Error: EACCES, mkdir '/Users/Tiklum/.npm/gulp-util/2.2.20'
279 verbose stack     at Error (native)
280 verbose cwd /Users/Tiklum/Documents/Ioto/ioto/todo
281 error Darwin 14.5.0
282 error argv "/usr/local/bin/node" "/usr/local/bin/npm" "install"
283 error node v0.12.7
284 error npm  v2.11.3
285 error path /Users/Tiklum/.npm/gulp-util/2.2.20
286 error code EACCES
287 error errno -13
288 error Error: EACCES, mkdir '/Users/Tiklum/.npm/gulp-util/2.2.20'
288 error     at Error (native)
288 error  { [Error: EACCES, mkdir '/Users/Tiklum/.npm/gulp-util/2.2.20']
288 error   errno: -13,
288 error   code: 'EACCES',
288 error   path: '/Users/Tiklum/.npm/gulp-util/2.2.20',
288 error   parent: 'todo' }
289 error Please try running this command again as root/Administrator.
290 verbose exit [ -13, true ]
